#
# A fatal error has been detected by the Java Runtime Environment:
#
#  Internal Error (javaCalls.cpp:51), pid=684, tid=0x0000000000002188
#  guarantee(thread->is_Java_thread()) failed: crucial check - the VM thread cannot and must not escape to Java code
#
# JRE version: Java(TM) SE Runtime Environment (8.0_221-b11) (build 1.8.0_221-b11)
# Java VM: Java HotSpot(TM) 64-Bit Server VM (25.221-b11 mixed mode windows-amd64 compressed oops)
# Failed to write core dump. Minidumps are not enabled by default on client versions of Windows
#
# If you would like to submit a bug report, please visit:
#   http://bugreport.java.com/bugreport/crash.jsp
#

---------------  T H R E A D  ---------------

Current thread (0x000000001d0b7800):  VMThread [stack: 0x000000001f810000,0x000000001f910000] [id=8584]

Stack: [0x000000001f810000,0x000000001f910000]
[error occurred during error reporting (printing stack bounds), id 0xc0000005]

Native frames: (J=compiled Java code, j=interpreted, Vv=VM code, C=native code)

VM_Operation (0x000000001fe0f6d0): GetOrSetLocal, mode: safepoint, requested by thread 0x000000001e820800


---------------  P R O C E S S  ---------------

Java Threads: ( => current thread )
  0x000000001e8b9000 JavaThread "Service Thread" daemon [_thread_blocked, id=6688, stack(0x0000000020410000,0x0000000020510000)]
  0x000000001e8c0000 JavaThread "C1 CompilerThread3" daemon [_thread_blocked, id=4744, stack(0x0000000020310000,0x0000000020410000)]
  0x000000001e8bd000 JavaThread "C2 CompilerThread2" daemon [_thread_blocked, id=5404, stack(0x0000000020210000,0x0000000020310000)]
  0x000000001e8bc800 JavaThread "C2 CompilerThread1" daemon [_thread_blocked, id=1264, stack(0x0000000020110000,0x0000000020210000)]
  0x000000001e8bb800 JavaThread "C2 CompilerThread0" daemon [_thread_blocked, id=3052, stack(0x0000000020010000,0x0000000020110000)]
  0x000000001e836000 JavaThread "JDWP Command Reader" daemon [_thread_in_native, id=8480, stack(0x000000001ff10000,0x0000000020010000)]
  0x000000001e82f000 JavaThread "JDWP Event Helper Thread" daemon [_thread_blocked, id=5316, stack(0x000000001fe10000,0x000000001ff10000)]
  0x000000001e820800 JavaThread "JDWP Transport Listener: dt_socket" daemon [_thread_blocked, id=1156, stack(0x000000001fd10000,0x000000001fe10000)]
  0x000000001d0c9000 JavaThread "Attach Listener" daemon [_thread_blocked, id=6904, stack(0x000000001fc10000,0x000000001fd10000)]
  0x000000001e7c7000 JavaThread "Signal Dispatcher" daemon [_thread_blocked, id=2236, stack(0x000000001fb10000,0x000000001fc10000)]
  0x00000000034ec000 JavaThread "Finalizer" daemon [_thread_blocked, id=7740, stack(0x000000001fa10000,0x000000001fb10000)]
  0x000000001d0bd800 JavaThread "Reference Handler" daemon [_thread_blocked, id=8028, stack(0x000000001f910000,0x000000001fa10000)]
  0x000000000148e800 JavaThread "main" [_thread_blocked, id=9760, stack(0x0000000002d00000,0x0000000002e00000)]

Other Threads:
=>0x000000001d0b7800 VMThread [stack: 0x000000001f810000,0x000000001f910000] [id=8584]
  0x000000001e9e8800 WatcherThread [stack: 0x0000000020510000,0x0000000020610000] [id=1232]

VM state:at safepoint (normal execution)

VM Mutex/Monitor currently owned by a thread:  ([mutex/lock_event])
[0x00000000033f0350] Threads_lock - owner thread: 0x000000001d0b7800

heap address: 0x00000006c2200000, size: 4062 MB, Compressed Oops mode: Zero based, Oop shift amount: 3
Narrow klass base: 0x0000000000000000, Narrow klass shift: 3
Compressed class space size: 1073741824 Address: 0x00000007c0000000

Heap:
 PSYoungGen      total 75776K, used 9193K [0x000000076b600000, 0x0000000770a80000, 0x00000007c0000000)
  eden space 65024K, 14% used [0x000000076b600000,0x000000076befa798,0x000000076f580000)
  from space 10752K, 0% used [0x0000000770000000,0x0000000770000000,0x0000000770a80000)
  to   space 10752K, 0% used [0x000000076f580000,0x000000076f580000,0x0000000770000000)
 ParOldGen       total 173568K, used 0K [0x00000006c2200000, 0x00000006ccb80000, 0x000000076b600000)
  object space 173568K, 0% used [0x00000006c2200000,0x00000006c2200000,0x00000006ccb80000)
 Metaspace       used 5531K, capacity 5662K, committed 5760K, reserved 1056768K
  class space    used 594K, capacity 629K, committed 640K, reserved 1048576K

Card table byte_map: [0x00000000128b0000,0x00000000130a0000] byte_map_base: 0x000000000f29f000

Marking Bits: (ParMarkBitMap*) 0x0000000073cc5ce0
 Begin Bits: [0x0000000013ff0000, 0x0000000017f68000)
 End Bits:   [0x0000000017f68000, 0x000000001bee0000)

Polling page: 0x0000000000e10000

CodeCache: size=245760Kb used=1444Kb max_used=1444Kb free=244315Kb
 bounds [0x00000000034f0000, 0x0000000003760000, 0x00000000124f0000]
 total_blobs=448 nmethods=152 adapters=217
 compilation: enabled

Compilation events (10 events):
Event: 0.241 Thread 0x000000001e8c0000  148       1       java.security.ProtectionDomain::getCodeSource (5 bytes)
Event: 0.241 Thread 0x000000001e8c0000 nmethod 148 0x0000000003657f10 code [0x0000000003658060, 0x0000000003658170]
Event: 0.241 Thread 0x000000001e8c0000  149       1       java.nio.Buffer::limit (5 bytes)
Event: 0.241 Thread 0x000000001e8c0000 nmethod 149 0x00000000036581d0 code [0x0000000003658320, 0x0000000003658430]
Event: 3.472 Thread 0x000000001e8c0000  150       3       java.lang.StringBuilder::<init> (7 bytes)
Event: 3.472 Thread 0x000000001e8c0000 nmethod 150 0x0000000003658490 code [0x0000000003658600, 0x00000000036588b0]
Event: 52.894 Thread 0x000000001e8c0000  151       3       org.eclipse.jdt.launching.internal.org.objectweb.asm.ByteVector::putShort (52 bytes)
Event: 52.895 Thread 0x000000001e8c0000 nmethod 151 0x00000000036589d0 code [0x0000000003658b40, 0x0000000003658da8]
Event: 52.895 Thread 0x000000001e8c0000  152       3       org.eclipse.jdt.launching.internal.org.objectweb.asm.MethodWriter::visitTypeInsn (116 bytes)
Event: 52.895 Thread 0x000000001e8c0000 nmethod 152 0x0000000003658f10 code [0x00000000036590c0, 0x00000000036596a8]

GC Heap History (0 events):
No events

Deoptimization events (0 events):
No events

Classes redefined (4 events):
Event: 52.894 Thread 0x000000001d0b7800 redefined class name=java_board2.Article, count=1
Event: 52.895 Thread 0x000000001d0b7800 redefined class name=java_board2.Board, count=1
Event: 89.773 Thread 0x000000001d0b7800 redefined class name=java_board2.Article, count=2
Event: 89.773 Thread 0x000000001d0b7800 redefined class name=java_board2.Board, count=2

Internal exceptions (6 events):
Event: 0.023 Thread 0x000000000148e800 Exception <a 'java/lang/NoSuchMethodError': Method sun.misc.Unsafe.defineClass(Ljava/lang/String;[BII)Ljava/lang/Class; name or signature does not match> (0x000000076b607cb8) thrown at [C:\re\workspace\8-2-build-windows-amd64-cygwin\jdk8u221\13320\hotspot
Event: 0.023 Thread 0x000000000148e800 Exception <a 'java/lang/NoSuchMethodError': Method sun.misc.Unsafe.prefetchRead(Ljava/lang/Object;J)V name or signature does not match> (0x000000076b607fa0) thrown at [C:\re\workspace\8-2-build-windows-amd64-cygwin\jdk8u221\13320\hotspot\src\share\vm\prim
Event: 0.232 Thread 0x000000000148e800 Exception <a 'java/security/PrivilegedActionException'> (0x000000076bd6bf70) thrown at [C:\re\workspace\8-2-build-windows-amd64-cygwin\jdk8u221\13320\hotspot\src\share\vm\prims\jvm.cpp, line 1502]
Event: 0.232 Thread 0x000000000148e800 Exception <a 'java/security/PrivilegedActionException'> (0x000000076bd6c368) thrown at [C:\re\workspace\8-2-build-windows-amd64-cygwin\jdk8u221\13320\hotspot\src\share\vm\prims\jvm.cpp, line 1502]
Event: 0.232 Thread 0x000000000148e800 Exception <a 'java/security/PrivilegedActionException'> (0x000000076bd70460) thrown at [C:\re\workspace\8-2-build-windows-amd64-cygwin\jdk8u221\13320\hotspot\src\share\vm\prims\jvm.cpp, line 1502]
Event: 0.232 Thread 0x000000000148e800 Exception <a 'java/security/PrivilegedActionException'> (0x000000076bd70858) thrown at [C:\re\workspace\8-2-build-windows-amd64-cygwin\jdk8u221\13320\hotspot\src\share\vm\prims\jvm.cpp, line 1502]

Events (10 events):
Event: 103.157 Executing VM operation: GetOwnedMonitorInfo done
Event: 103.891 Executing VM operation: GetOwnedMonitorInfo
Event: 103.891 Executing VM operation: GetOwnedMonitorInfo done
Event: 103.891 Executing VM operation: GetCurrentContendedMonitor
Event: 103.891 Executing VM operation: GetCurrentContendedMonitor done
Event: 103.978 Executing VM operation: GetOwnedMonitorInfo
Event: 103.978 Executing VM operation: GetOwnedMonitorInfo done
Event: 103.978 Executing VM operation: GetCurrentContendedMonitor
Event: 103.978 Executing VM operation: GetCurrentContendedMonitor done
Event: 209.709 Executing VM operation: GetOrSetLocal


Dynamic libraries:
0x00007ff725290000 - 0x00007ff7252c7000 	C:\Program Files\Java\jdk1.8.0_221\bin\javaw.exe
0x00007ffbb0890000 - 0x00007ffbb0a71000 	C:\Windows\SYSTEM32\ntdll.dll
0x00007ffbb07a0000 - 0x00007ffbb0851000 	C:\Windows\System32\KERNEL32.DLL
0x00007ffbacc50000 - 0x00007ffbacec3000 	C:\Windows\System32\KERNELBASE.dll
0x00007ffbaff70000 - 0x00007ffbb0011000 	C:\Windows\System32\ADVAPI32.dll
0x00007ffbaf8f0000 - 0x00007ffbaf98e000 	C:\Windows\System32\msvcrt.dll
0x00007ffbadd20000 - 0x00007ffbadd7b000 	C:\Windows\System32\sechost.dll
0x00007ffbafd10000 - 0x00007ffbafe34000 	C:\Windows\System32\RPCRT4.dll
0x00007ffbafb80000 - 0x00007ffbafd10000 	C:\Windows\System32\USER32.dll
0x00007ffbacfd0000 - 0x00007ffbacff0000 	C:\Windows\System32\win32u.dll
0x00007ffbaf9d0000 - 0x00007ffbaf9f8000 	C:\Windows\System32\GDI32.dll
0x00007ffbadb80000 - 0x00007ffbadd13000 	C:\Windows\System32\gdi32full.dll
0x00007ffbad7e0000 - 0x00007ffbad87f000 	C:\Windows\System32\msvcp_win.dll
0x00007ffbaced0000 - 0x00007ffbacfc8000 	C:\Windows\System32\ucrtbase.dll
0x00007ffb9e2b0000 - 0x00007ffb9e519000 	C:\Windows\WinSxS\amd64_microsoft.windows.common-controls_6595b64144ccf1df_6.0.17134.1610_none_d3fd41197c928db6\COMCTL32.dll
0x00007ffbade00000 - 0x00007ffbae120000 	C:\Windows\System32\combase.dll
0x00007ffbad710000 - 0x00007ffbad789000 	C:\Windows\System32\bcryptPrimitives.dll
0x00007ffbaf9a0000 - 0x00007ffbaf9cd000 	C:\Windows\System32\IMM32.DLL
0x00000000754f0000 - 0x00000000755c2000 	C:\Program Files\Java\jdk1.8.0_221\jre\bin\msvcr100.dll
0x00000000734a0000 - 0x0000000073d45000 	C:\Program Files\Java\jdk1.8.0_221\jre\bin\server\jvm.dll
0x00007ffbae470000 - 0x00007ffbae478000 	C:\Windows\System32\PSAPI.DLL
0x00007ffbaae00000 - 0x00007ffbaae23000 	C:\Windows\SYSTEM32\WINMM.dll
0x00007ffb8ea80000 - 0x00007ffb8ea89000 	C:\Windows\SYSTEM32\WSOCK32.dll
0x00007ffba8ac0000 - 0x00007ffba8aca000 	C:\Windows\SYSTEM32\VERSION.dll
0x00007ffbb0020000 - 0x00007ffbb008c000 	C:\Windows\System32\WS2_32.dll
0x00007ffbaada0000 - 0x00007ffbaadca000 	C:\Windows\SYSTEM32\winmmbase.dll
0x00007ffbad790000 - 0x00007ffbad7d9000 	C:\Windows\System32\cfgmgr32.dll
0x00007ffb94340000 - 0x00007ffb9434f000 	C:\Program Files\Java\jdk1.8.0_221\jre\bin\verify.dll
0x00007ffb8edd0000 - 0x00007ffb8edf9000 	C:\Program Files\Java\jdk1.8.0_221\jre\bin\java.dll
0x00007ffb98090000 - 0x00007ffb980c5000 	C:\Program Files\Java\jdk1.8.0_221\jre\bin\jdwp.dll
0x00007ffba9850000 - 0x00007ffba9858000 	C:\Program Files\Java\jdk1.8.0_221\jre\bin\npt.dll
0x00007ffb96ce0000 - 0x00007ffb96d03000 	C:\Program Files\Java\jdk1.8.0_221\jre\bin\instrument.dll
0x00007ffb8cd70000 - 0x00007ffb8cd86000 	C:\Program Files\Java\jdk1.8.0_221\jre\bin\zip.dll
0x00007ffbae480000 - 0x00007ffbaf8c5000 	C:\Windows\System32\SHELL32.dll
0x00007ffbb06f0000 - 0x00007ffbb0799000 	C:\Windows\System32\shcore.dll
0x00007ffbacff0000 - 0x00007ffbad705000 	C:\Windows\System32\windows.storage.dll
0x00007ffbae320000 - 0x00007ffbae371000 	C:\Windows\System32\shlwapi.dll
0x00007ffbacbf0000 - 0x00007ffbacc01000 	C:\Windows\System32\kernel.appcore.dll
0x00007ffbacc30000 - 0x00007ffbacc4f000 	C:\Windows\System32\profapi.dll
0x00007ffbacba0000 - 0x00007ffbacbec000 	C:\Windows\System32\powrprof.dll
0x00007ffbacb90000 - 0x00007ffbacb9a000 	C:\Windows\System32\FLTLIB.DLL
0x00007ffba9840000 - 0x00007ffba9849000 	C:\Program Files\Java\jdk1.8.0_221\jre\bin\dt_socket.dll
0x00007ffb94a60000 - 0x00007ffb94a76000 	C:\Windows\system32\napinsp.dll
0x00007ffb95760000 - 0x00007ffb9577a000 	C:\Windows\system32\pnrpnsp.dll
0x00007ffba96d0000 - 0x00007ffba96e9000 	C:\Windows\system32\NLAapi.dll
0x00007ffbac3b0000 - 0x00007ffbac416000 	C:\Windows\System32\mswsock.dll
0x00007ffbac140000 - 0x00007ffbac1ff000 	C:\Windows\SYSTEM32\DNSAPI.dll
0x00007ffbaf990000 - 0x00007ffbaf998000 	C:\Windows\System32\NSI.dll
0x00007ffbac100000 - 0x00007ffbac138000 	C:\Windows\SYSTEM32\IPHLPAPI.DLL
0x00007ffb956e0000 - 0x00007ffb956ee000 	C:\Windows\System32\winrnr.dll
0x00007ffba39f0000 - 0x00007ffba3a62000 	C:\Windows\System32\fwpuclnt.dll
0x00007ffbac6f0000 - 0x00007ffbac715000 	C:\Windows\SYSTEM32\bcrypt.dll
0x00007ffba7a30000 - 0x00007ffba7a3a000 	C:\Windows\System32\rasadhlp.dll

VM Arguments:
jvm_args: -agentlib:jdwp=transport=dt_socket,suspend=y,address=localhost:52911 -javaagent:C:\work\sts-4.4.0.RELEASE\configuration\org.eclipse.osgi\244\0\.cp\lib\javaagent-shaded.jar -Dfile.encoding=UTF-8 
java_command: java_board2.Board
java_class_path (initial): C:\work\sts-4.4.0.RELEASE-workspace\java_board2\bin;C:\work\sts-4.4.0.RELEASE\configuration\org.eclipse.osgi\244\0\.cp\lib\javaagent-shaded.jar
Launcher Type: SUN_STANDARD

Environment Variables:
PATH=C:\Program Files\Java\jdk1.8.0_221\jre\bin;C:/Program Files/Java/jre1.8.0_221/bin/server;C:/Program Files/Java/jre1.8.0_221/bin;C:/Program Files/Java/jre1.8.0_221/lib/amd64;C:\app\SBS-\product\11.2.0\dbhome_1\bin;C:\Program Files (x86)\Common Files\Oracle\Java\javapath;C:\Program Files (x86)\Common Files\Intel\Shared Libraries\redist\intel64\compiler;C:\Windows\system32;C:\Windows;C:\Windows\System32\Wbem;C:\Windows\System32\WindowsPowerShell\v1.0\;C:\Windows\System32\OpenSSH\;C:\Program Files (x86)\Brackets\command;C:\Program Files\nodejs\;C:\Program Files\Git\cmd;C:\Program Files\PuTTY\;C:\Program Files\Common Files\Autodesk Shared\;C:\Program Files\ScmmrxClient\Shield\;C:\work\cocos2d-x-3.17.2\templates;C:\work\cocos2d-x-3.17.2\tools\cocos2d-console\bin;%USERPROFILE%\AppData\Local\Microsoft\WindowsApps;;C:\Users\SBS-\AppData\Local\Programs\Microsoft VS Code\bin;C:\Users\SBS-\AppData\Roaming\npm;C:\Program Files\Bandizip\;C:\work\sts-4.4.0.RELEASE;
USERNAME=SBS-
OS=Windows_NT
PROCESSOR_IDENTIFIER=Intel64 Family 6 Model 158 Stepping 10, GenuineIntel



---------------  S Y S T E M  ---------------

OS: Windows 10.0 , 64 bit Build 17134 (10.0.17134.1425)

CPU:total 12 (initial active 12) (6 cores per cpu, 2 threads per core) family 6 model 158 stepping 10, cmov, cx8, fxsr, mmx, sse, sse2, sse3, ssse3, sse4.1, sse4.2, popcnt, avx, avx2, aes, clmul, erms, rtm, 3dnowpref, lzcnt, ht, tsc, tscinvbit, bmi1, bmi2, adx

Memory: 4k page, physical 16636820k(12000956k free), swap 19127188k(5611820k free)

vm_info: Java HotSpot(TM) 64-Bit Server VM (25.221-b11) for windows-amd64 JRE (1.8.0_221-b11), built on Jul  4 2019 04:39:29 by "java_re" with MS VC++ 10.0 (VS2010)

time: Tue Jul 21 09:38:17 2020
timezone: 대한민국 표준시
elapsed time: 209 seconds (0d 0h 3m 29s)

